<?xml version="1.0" encoding="UTF-8"?>
<testng-results ignored="0" total="1" passed="1" failed="0" skipped="0">
  <reporter-output>
  </reporter-output>
  <suite started-at="2024-11-22T12:20:27 IST" name="Default suite" finished-at="2024-11-22T12:21:00 IST" duration-ms="32959">
    <groups>
    </groups>
    <test started-at="2024-11-22T12:20:27 IST" name="Default test" finished-at="2024-11-22T12:21:00 IST" duration-ms="32959">
      <class name="testscript.LoginPage_Test">
        <test-method is-config="true" signature="beforeMethod()[pri:0, instance:testscript.LoginPage_Test@36bc55de]" started-at="2024-11-22T12:20:27 IST" name="beforeMethod" finished-at="2024-11-22T12:20:54 IST" duration-ms="27300" status="PASS">
          <reporter-output>
          </reporter-output>
        </test-method> <!-- beforeMethod -->
        <test-method signature="verifyUserIsAbleToLoginValidCredenstials()[pri:0, instance:testscript.LoginPage_Test@36bc55de]" started-at="2024-11-22T12:20:54 IST" name="verifyUserIsAbleToLoginValidCredenstials" finished-at="2024-11-22T12:20:57 IST" duration-ms="2499" status="PASS">
          <reporter-output>
          </reporter-output>
        </test-method> <!-- verifyUserIsAbleToLoginValidCredenstials -->
        <test-method is-config="true" signature="afterMethod()[pri:0, instance:testscript.LoginPage_Test@36bc55de]" started-at="2024-11-22T12:20:57 IST" name="afterMethod" finished-at="2024-11-22T12:21:00 IST" duration-ms="3058" status="PASS">
          <reporter-output>
          </reporter-output>
        </test-method> <!-- afterMethod -->
      </class> <!-- testscript.LoginPage_Test -->
    </test> <!-- Default test -->
  </suite> <!-- Default suite -->
</testng-results>
